<?xml version="1.0" encoding="UTF-8" ?>
<testsuite tests="15" failures="0" name="DictionaryOfManyTranslationsTest" time="0.021" errors="0" skipped="0">
  <properties>
[...]
</properties>
  <testcase classname="DictionaryOfManyTranslationsTest" name="translateMethod" time="0.02"/>
  <testcase classname="DictionaryOfManyTranslationsTest" name="testAddingAndRemovingMultipleWords" time="0"/>
  <testcase classname="DictionaryOfManyTranslationsTest" name="removeMethod" time="0"/>
  <testcase classname="DictionaryOfManyTranslationsTest" name="emptyConstructor" time="0"/>
  <testcase classname="DictionaryOfManyTranslationsTest" name="addMethod" time="0"/>
  <testcase classname="DictionaryOfManyTranslationsTest" name="manyWordsTranslationsAndRemovals" time="0"/>
  <testcase classname="DictionaryOfManyTranslationsTest" name="testAddingManyTranslations" time="0"/>
  <testcase classname="DictionaryOfManyTranslationsTest" name="removeExisting" time="0"/>
  <testcase classname="DictionaryOfManyTranslationsTest" name="translateMethodWordNotAdded" time="0"/>
  <testcase classname="DictionaryOfManyTranslationsTest" name="classIsPublic" time="0"/>
  <testcase classname="DictionaryOfManyTranslationsTest" name="translateMethodManyWords" time="0"/>
  <testcase classname="DictionaryOfManyTranslationsTest" name="translateMethodTwoTranslations" time="0.001"/>
  <testcase classname="DictionaryOfManyTranslationsTest" name="testNonexistentWord" time="0"/>
  <testcase classname="DictionaryOfManyTranslationsTest" name="testAddingManyWords" time="0"/>
  <testcase classname="DictionaryOfManyTranslationsTest" name="noExtraVariables" time="0"/>
</testsuite>